dev	box1	noop	w1i	-
cpoint	ic.linac.magsys.mode	box1.0 
dev	box2	noop	w1i	-
cpoint	ic.ring.magsys.mode	box2.0 
dev	box3	noop	w1i	-
cpoint	ic.status	box3.0 
dev	box4	noop	w1i	-
cpoint	ic.ring.status	box4.0 
dev	box5	noop	w1i	-
cpoint	ic.linac.status	box5.0 
dev	box6	noop	w1i	-
cpoint	ic.linac.magsys.status	box6.0 
dev	box7	noop	w1i	-
cpoint	ic.ring.magsys.status	box7.0 
dev	box8	noop	w1d	-
cpoint	ic.linac.energy1	box8.0 units:MeV
dev	box9	noop	w1d	-
cpoint	ic.linac.energy2	box9.0 units:MeV
dev	box10	noop	w1d	-
cpoint	ic.linac.energy3	box10.0 units:MeV
dev	box11	noop	w1d	-
cpoint	ic.linac.energy4	box11.0 units:MeV
dev	box12	noop	w1d	-
cpoint	ic.linac.energyout	box12.0 units:MeV
dev	box13	noop	w1d	-
cpoint	ic.ring.energy	box13.0 units:MeV
