include(`caniva.devtype')
include(`ceac124.devtype')

# Linac
dev liniva0 caniva/remdrv ~ 0,10 b:cangw-linvac:8002
dev liniva1 caniva/remdrv ~ 0,6  b:cangw-linvac:8002
dev liniva2 caniva/remdrv ~ 0,7  b:cangw-linvac:8002
dev liniva3 caniva/remdrv ~ 0,8  b:cangw-linvac:8002
dev liniva4 caniva/remdrv ~ 0,9  b:cangw-linvac:8002
dev liniva5 caniva/remdrv ~ 0,5  b:cangw-linvac:8002

# Channel
dev chanvc0  ceac124/remdrv ~ 0,31 b:cangw-chanvac:8002
dev chanvc1  ceac124/remdrv ~ 0,30 b:cangw-chanvac:8002
dev chanvc2  ceac124/remdrv ~ 0,29 b:cangw-chanvac:8002
dev chanvc3  ceac124/remdrv ~ 0,28 b:cangw-chanvac:8002
dev chanvc4  ceac124/remdrv ~ 0,27 b:cangw-chanvac:8002
dev chanvc5  ceac124/remdrv ~ 0,26 b:cangw-chanvac:8002
dev chanvc6  ceac124/remdrv ~ 0,25 b:cangw-chanvac:8002
dev chanvc7  ceac124/remdrv ~ 0,24 b:cangw-chanvac:8002
dev chanvc8  ceac124/remdrv ~ 0,23 b:cangw-chanvac:8002
dev chanvc9  ceac124/remdrv ~ 0,22 b:cangw-chanvac:8002
dev chanvc10 ceac124/remdrv ~ 0,21 b:cangw-chanvac:8002
dev chanvc11 ceac124/remdrv ~ 0,20 b:cangw-chanvac:8002

devtype chanalm w8d {
	ilim<0-3>	0
	ulim<0-3>	4
}
dev a_chanvc0  chanalm/noop ~ -
dev a_chanvc1  chanalm/noop ~ -
dev a_chanvc2  chanalm/noop ~ -
dev a_chanvc3  chanalm/noop ~ -
dev a_chanvc4  chanalm/noop ~ -
dev a_chanvc5  chanalm/noop ~ -
dev a_chanvc6  chanalm/noop ~ -
dev a_chanvc7  chanalm/noop ~ -
dev a_chanvc8  chanalm/noop ~ -
dev a_chanvc9  chanalm/noop ~ -
dev a_chanvc10 chanalm/noop ~ -
dev a_chanvc11 chanalm/noop ~ -

######################################################################

define(`LINIVA_DEV_LINE', `
    cpoint $2.Imes $1.Imes$3
    cpoint $2.Umes $1.Umes$3
    cpoint $2.Ilim $1.Ilim$3
    cpoint $2.Ulim $1.Ulim$3
    cpoint $2.Ialm $1.Ialm$3
    cpoint $2.Ualm $1.Ualm$3
')
# 1:caniva_name 2-17:row_names
define(`LINIVA_DEV', `
    LINIVA_DEV_LINE($1, $2,  0)
    LINIVA_DEV_LINE($1, $3,  1)
    LINIVA_DEV_LINE($1, $4,  2)
    LINIVA_DEV_LINE($1, $5,  3)
    LINIVA_DEV_LINE($1, $6,  4)
    LINIVA_DEV_LINE($1, $7,  5)
    LINIVA_DEV_LINE($1, $8,  6)
    LINIVA_DEV_LINE($1, $9,  7)
    LINIVA_DEV_LINE($1, $10, 8)
    LINIVA_DEV_LINE($1, $11, 9)
    LINIVA_DEV_LINE($1, $12, 10)
    LINIVA_DEV_LINE($1, $13, 11)
    LINIVA_DEV_LINE($1, $14, 12)
    LINIVA_DEV_LINE($1, $15, 13)
    LINIVA_DEV_LINE($1, $16, 14)
    LINIVA_DEV_LINE($1, $17, 15)
')

define(`LIN124_DEV_LINE', `
    cpoint $2.Imes $1.adc`'eval(($3)*2+0) r:0.001 # 1mA<->V
    cpoint $2.Umes $1.adc`'eval(($3)*2+1)         # 1kV<->1V
    cpoint $2.U5_7 $1.out$3                       # Just volts
    cpoint $2.IsOn $1.outrb$3
    cpoint $2.Ilim a_$1.ilim$3
    cpoint $2.Ulim a_$1.ulim$3
')
# 1:ceac124_name 2-5:row names
define(`LIN124_DEV', `
    LIN124_DEV_LINE($1, $2, 0)
    LIN124_DEV_LINE($1, $3, 1)
    LIN124_DEV_LINE($1, $4, 2)
    LIN124_DEV_LINE($1, $5, 3)
')

#---------------------------------------------------------------------

LINIVA_DEV(liniva0, GUN,     BUN1,    BUN2,    GRUPP,
                    WG1_2,   SLED1,   WG1_3,   WG1_4, 
                    S1_in,   S1_out,  LOS1,    S2_in,
                    S2_out,  LOS2,    SPECT,   S3_in)
LINIVA_DEV(liniva1, S3_out,  LOS3,    WG2_2,   WG2_3,
                    SLED2,   WG2_4,   WG2_5,   WG2_6, 
                    WG2_7,   WG2_8,   S4_in,   S4_out,
                    LOS4,    S5_in,   S5_out,  LOS5)
LINIVA_DEV(liniva2, TURN_1,  TURN_2,  RSV22,   pCnv,
                    S6_in,   S6_out,  LOS6,    WG3_2,   
                    SLED3,   WG3_3,   WG3_4,   WG3_5,
                    WG3_6,   WG3_7,   S7_in,   S7_out)
LINIVA_DEV(liniva3, LOS7,    S8_in,   S8_out,  LOS8,
                    S9_in,   S9_out,  LOS9,    S10_in,
                    S10_out, LOS10,   WG4_2,   SLED4,
                    WG4_3,   WG4_4,   WG4_5,   RSV315)
LINIVA_DEV(liniva4, S11_in,  S11_out, LOS11,   S12_in,
                    S12_out, LOS12,   S13_in,  S13_out,
                    LOS13,   S14_in,  S14_out, LOS14,
                    PP,      RSV413,  RSV414,  RSV415)
LINIVA_DEV(liniva5, _5D1,    _5D2,    _5D3,    _5D4,
                    _6D1,    _6D2,    _6D3,    _6D4,
                    _7D1,    _7D2,    _7D3,    _7D4,
                    _8D1,    _8D2,    _8D3,    _8D4)

LIN124_DEV(chanvc0,  K1,     K2,     K3,     K4)
LIN124_DEV(chanvc1,  K5,     K6,     K7,     K8)
LIN124_DEV(chanvc2,  K9,     K10,    K11,    K12)
LIN124_DEV(chanvc3,  K13,    K14,    KD3,    KD4)
LIN124_DEV(chanvc4,  E1,     E2,     E3,     E4)
LIN124_DEV(chanvc5,  E5,     R51,    P5,     P6)
LIN124_DEV(chanvc6,  P1,     P2,     P3,     P4)
LIN124_DEV(chanvc7,  R70,    R71,    R72,    R73)
LIN124_DEV(chanvc8,  R80,    R81,    R82,    R83)
LIN124_DEV(chanvc9,  R90,    R91,    R92,    R93)
LIN124_DEV(chanvc10, R100,   R101,   R102,   R103)
LIN124_DEV(chanvc11, R110,   R111,   R112,   R113)
