include(`candac16.devtype')
include(`canadc40.devtype')

dev dac0 candac16/remdrv ~ 0,47 b:cangw-rst1:8002              # 47=63-16
dev dac1 candac16/remdrv ~ 0,46 b:cangw-rst1:8002              # 46=62-16
dev adc0 canadc40/remdrv ~ 0,45 b:cangw-rst1:8002 beg=0 end=19 # 45=61-16
dev adc1 canadc40/remdrv ~ 0,44 b:cangw-rst1:8002 beg=0 end=19 # 44=60-16
dev grn0 noop w10d -
dev grn1 noop w10d -

dev pobx noop w1d  -
cpoint t_in_lim pobx.0

######################################################################

# 1:base_name 2:0/1(dev #) 3:rowN(0-9)
define(`TC_ROW', `
    dev avg_$1 lebedev_avg r1i - $1.Tout
    cpoint $1.Tin  adc$2.adc`'eval($3)    r:0.005 d:-40 #!!!FLOAT: 1/200.
    cpoint $1.Tout adc$2.adc`'eval($3+10) r:0.005 d:-40 #!!!FLOAT: 1/200.
    cpoint $1.Tset dac$2.out`'eval($3)    r:0.1 d:0
    cpoint $1.Tgrn grn$2.$3
    cpoint $1.Tavg avg_$1.0               r:0.005 d:-40 #!!!FLOAT: 1/200.
')

# 1:0/1(dev #) 2-11:names
define(`TC_DZN', `
    TC_ROW($2,  $1, 0)
    TC_ROW($3,  $1, 1)
    TC_ROW($4,  $1, 2)
    TC_ROW($5,  $1, 3)
    TC_ROW($6,  $1, 4)
    TC_ROW($7,  $1, 5)
    TC_ROW($8,  $1, 6)
    TC_ROW($9,  $1, 7)
    TC_ROW($10, $1, 8)
    TC_ROW($11, $1, 9)
')

TC_DZN(0, group,sled1,s1,s2,sled2,s3,s4,s5,s6,s7)
TC_DZN(1, s8,s9,s10,sled3,s11,s12,s13,sled4,s14,RSV_19)
